{"uuid":"65ec8433-a9e3-4b1f-8807-0437013c5ef4","historyId":"53ebf0c0d881dc3f36c8d91150e23847","testCaseId":"[engine:junit-jupiter]/[class:work.part02.SearchCoursesSpecialistTests]/[method:test02SearchCourseCatalogueDateBeginSpecialist()]","testCaseName":"Поиск на странице курса по тестированию В КАТАЛОГЕ КУРСОВ и его даты начала (без использования осей в xPath)","fullName":"work.part02.SearchCoursesSpecialistTests.test02SearchCourseCatalogueDateBeginSpecialist","labels":[{"name":"junit.platform.uniqueid","value":"[engine:junit-jupiter]/[class:work.part02.SearchCoursesSpecialistTests]/[method:test02SearchCourseCatalogueDateBeginSpecialist()]"},{"name":"host","value":"HOME-PC"},{"name":"thread","value":"10556@HOME-PC.main(1)"},{"name":"framework","value":"junit-platform"},{"name":"language","value":"java"},{"name":"package","value":"work.part02.SearchCoursesSpecialistTests"},{"name":"testClass","value":"work.part02.SearchCoursesSpecialistTests"},{"name":"testMethod","value":"test02SearchCourseCatalogueDateBeginSpecialist"},{"name":"suite","value":"work.part02.SearchCoursesSpecialistTests"}],"links":[],"name":"Поиск на странице курса по тестированию В КАТАЛОГЕ КУРСОВ и его даты начала (без использования осей в xPath)","status":"failed","statusDetails":{"known":false,"muted":false,"flaky":false,"message":"Invalid element state [By.xpath: /html/body/section[1]/div/div/div/form/div[4]/div[1]/p/button]: Element <button class=\"sub-swap-search\" type=\"submit\"> is not clickable at point (169,489) because another element <div id=\"cookieConsent__text\"> obscures it\r\nScreenshot: file:/C:/Users/Евгения/IdeaProjects/at-java-web-v01/build/reports/tests/1765575796716.0.png\r\nPage source: file:/C:/Users/Евгения/IdeaProjects/at-java-web-v01/build/reports/tests/1765575796716.0.html\r\nTimeout: 4 s.\r\nCaused by: ElementClickInterceptedException: Element <button class=\"sub-swap-search\" type=\"submit\"> is not clickable at point (169,489) because another element <div id=\"cookieConsent__text\"> obscures it","trace":"Invalid element state [By.xpath: /html/body/section[1]/div/div/div/form/div[4]/div[1]/p/button]: Element <button class=\"sub-swap-search\" type=\"submit\"> is not clickable at point (169,489) because another element <div id=\"cookieConsent__text\"> obscures it\r\nScreenshot: file:/C:/Users/Евгения/IdeaProjects/at-java-web-v01/build/reports/tests/1765575796716.0.png\r\nPage source: file:/C:/Users/Евгения/IdeaProjects/at-java-web-v01/build/reports/tests/1765575796716.0.html\r\nTimeout: 4 s.\r\nCaused by: ElementClickInterceptedException: Element <button class=\"sub-swap-search\" type=\"submit\"> is not clickable at point (169,489) because another element <div id=\"cookieConsent__text\"> obscures it\r\n\tat com.codeborne.selenide.impl.ExceptionWrapper.wrap(ExceptionWrapper.java:19)\r\n\tat com.codeborne.selenide.impl.SelenideElementProxy.dispatchAndRetry(SelenideElementProxy.java:153)\r\n\tat com.codeborne.selenide.impl.SelenideElementProxy.invoke(SelenideElementProxy.java:83)\r\n\tat jdk.proxy1/jdk.proxy1.$Proxy12.click(Unknown Source)\r\n\tat work.part02.SearchCoursesSpecialistTests.test02SearchCourseCatalogueDateBeginSpecialist(SearchCoursesSpecialistTests.java:123)\r\n\tat java.base/java.lang.reflect.Method.invoke(Method.java:580)\r\n\tat java.base/java.util.ArrayList.forEach(ArrayList.java:1596)\r\n\tat java.base/java.util.ArrayList.forEach(ArrayList.java:1596)\r\nCaused by: org.openqa.selenium.ElementClickInterceptedException: Element <button class=\"sub-swap-search\" type=\"submit\"> is not clickable at point (169,489) because another element <div id=\"cookieConsent__text\"> obscures it\nBuild info: version: '4.29.0', revision: '5fc1ec94cb'\nSystem info: os.name: 'Windows 11', os.arch: 'amd64', os.version: '10.0', java.version: '21.0.9'\nDriver info: org.openqa.selenium.firefox.FirefoxDriver\nCommand: [5f33b770-dd6d-4092-8965-b45e29eead82, clickElement {id=0ec75bf3-683a-407c-a022-78ab3eb8984c}]\nCapabilities {acceptInsecureCerts: true, browserName: firefox, browserVersion: 146.0, moz:accessibilityChecks: false, moz:buildID: 20251205151434, moz:geckodriverVersion: 0.36.0, moz:headless: false, moz:platformVersion: 10.0, moz:processID: 17160, moz:profile: C:\\Temp\\rust_mozprofileFEyrmM, moz:shutdownTimeout: 60000, moz:webdriverClick: true, moz:windowless: false, pageLoadStrategy: normal, platformName: windows, proxy: Proxy(), setWindowRect: true, strictFileInteractability: false, timeouts: {implicit: 0, pageLoad: 300000, script: 30000}, unhandledPromptBehavior: accept, userAgent: Mozilla/5.0 (Windows NT 10....}\nElement: [[FirefoxDriver: firefox on windows (5f33b770-dd6d-4092-8965-b45e29eead82)] -> xpath: /html/body/section[1]/div/div/div/form/div[4]/div[1]/p/button]\nSession ID: 5f33b770-dd6d-4092-8965-b45e29eead82\r\n\tat java.base/jdk.internal.reflect.DirectConstructorHandleAccessor.newInstance(DirectConstructorHandleAccessor.java:62)\r\n\tat java.base/java.lang.reflect.Constructor.newInstanceWithCaller(Constructor.java:502)\r\n\tat java.base/java.lang.reflect.Constructor.newInstance(Constructor.java:486)\r\n\tat org.openqa.selenium.remote.ErrorCodec.decode(ErrorCodec.java:167)\r\n\tat org.openqa.selenium.remote.codec.w3c.W3CHttpResponseCodec.decode(W3CHttpResponseCodec.java:138)\r\n\tat org.openqa.selenium.remote.codec.w3c.W3CHttpResponseCodec.decode(W3CHttpResponseCodec.java:50)\r\n\tat org.openqa.selenium.remote.HttpCommandExecutor.execute(HttpCommandExecutor.java:215)\r\n\tat org.openqa.selenium.remote.service.DriverCommandExecutor.invokeExecute(DriverCommandExecutor.java:216)\r\n\tat org.openqa.selenium.remote.service.DriverCommandExecutor.execute(DriverCommandExecutor.java:174)\r\n\tat org.openqa.selenium.remote.RemoteWebDriver.execute(RemoteWebDriver.java:545)\r\n\tat org.openqa.selenium.remote.RemoteWebElement.execute(RemoteWebElement.java:223)\r\n\tat org.openqa.selenium.remote.RemoteWebElement.click(RemoteWebElement.java:76)\r\n\tat com.codeborne.selenide.commands.Click.defaultClick(Click.java:94)\r\n\tat com.codeborne.selenide.commands.Click.doClick(Click.java:72)\r\n\tat com.codeborne.selenide.commands.Click.click(Click.java:48)\r\n\tat com.codeborne.selenide.commands.Click.execute(Click.java:28)\r\n\tat com.codeborne.selenide.FluentCommand.execute(FluentCommand.java:27)\r\n\tat com.codeborne.selenide.FluentCommand.execute(FluentCommand.java:19)\r\n\tat com.codeborne.selenide.commands.Commands.execute(Commands.java:160)\r\n\tat com.codeborne.selenide.impl.SelenideElementProxy.dispatchAndRetry(SelenideElementProxy.java:131)\r\n\t... 6 more\r\n"},"stage":"finished","description":"","steps":[],"attachments":[],"parameters":[],"start":1765575787348,"stop":1765575796906}