{"uuid":"d430b145-a160-4f3d-8418-0e05c8ea1d3f","historyId":"53ebf0c0d881dc3f36c8d91150e23847","testCaseId":"[engine:junit-jupiter]/[class:work.part02.SearchCoursesSpecialistTests]/[method:test02SearchCourseCatalogueDateBeginSpecialist()]","testCaseName":"Поиск на странице курса по тестированию В КАТАЛОГЕ КУРСОВ и его даты начала (без использования осей в xPath)","fullName":"work.part02.SearchCoursesSpecialistTests.test02SearchCourseCatalogueDateBeginSpecialist","labels":[{"name":"junit.platform.uniqueid","value":"[engine:junit-jupiter]/[class:work.part02.SearchCoursesSpecialistTests]/[method:test02SearchCourseCatalogueDateBeginSpecialist()]"},{"name":"host","value":"HOME-PC"},{"name":"thread","value":"14320@HOME-PC.main(1)"},{"name":"framework","value":"junit-platform"},{"name":"language","value":"java"},{"name":"package","value":"work.part02.SearchCoursesSpecialistTests"},{"name":"testClass","value":"work.part02.SearchCoursesSpecialistTests"},{"name":"testMethod","value":"test02SearchCourseCatalogueDateBeginSpecialist"},{"name":"suite","value":"work.part02.SearchCoursesSpecialistTests"}],"links":[],"name":"Поиск на странице курса по тестированию В КАТАЛОГЕ КУРСОВ и его даты начала (без использования осей в xPath)","status":"failed","statusDetails":{"known":false,"muted":false,"flaky":false,"message":"NoSuchSessionException: Tried to run command without establishing a connection\r\nPage source: file:/C:/Users/Евгения/IdeaProjects/at-java-web-v01/build/reports/tests/1765576788944.0.html\r\nTimeout: 4 s.\r\nCaused by: NoSuchSessionException: Tried to run command without establishing a connection","trace":"NoSuchSessionException: Tried to run command without establishing a connection\r\nPage source: file:/C:/Users/Евгения/IdeaProjects/at-java-web-v01/build/reports/tests/1765576788944.0.html\r\nTimeout: 4 s.\r\nCaused by: NoSuchSessionException: Tried to run command without establishing a connection\r\n\tat com.codeborne.selenide.ex.UIAssertionError.wrapToUIAssertionError(UIAssertionError.java:121)\r\n\tat com.codeborne.selenide.ex.UIAssertionError.wrapThrowable(UIAssertionError.java:103)\r\n\tat com.codeborne.selenide.ex.UIAssertionError.wrap(UIAssertionError.java:98)\r\n\tat com.codeborne.selenide.impl.SelenideElementProxy.invoke(SelenideElementProxy.java:93)\r\n\tat jdk.proxy1/jdk.proxy1.$Proxy12.type(Unknown Source)\r\n\tat work.part02.SearchCoursesSpecialistTests.test02SearchCourseCatalogueDateBeginSpecialist(SearchCoursesSpecialistTests.java:119)\r\n\tat java.base/java.lang.reflect.Method.invoke(Method.java:580)\r\n\tat java.base/java.util.ArrayList.forEach(ArrayList.java:1596)\r\n\tat java.base/java.util.ArrayList.forEach(ArrayList.java:1596)\r\nCaused by: org.openqa.selenium.NoSuchSessionException: Tried to run command without establishing a connection\nBuild info: version: '4.29.0', revision: '5fc1ec94cb'\nSystem info: os.name: 'Windows 11', os.arch: 'amd64', os.version: '10.0', java.version: '21.0.9'\nDriver info: org.openqa.selenium.firefox.FirefoxDriver\nCommand: [6456db0a-b351-4c87-88bb-d1fb98e1a269, findElement {using=xpath, value=//input[@id='CourseName']}]\nCapabilities {acceptInsecureCerts: true, browserName: firefox, browserVersion: 146.0, moz:accessibilityChecks: false, moz:buildID: 20251205151434, moz:geckodriverVersion: 0.36.0, moz:headless: false, moz:platformVersion: 10.0, moz:processID: 19492, moz:profile: C:\\Temp\\rust_mozprofilepFV0fv, moz:shutdownTimeout: 60000, moz:webdriverClick: true, moz:windowless: false, pageLoadStrategy: normal, platformName: windows, proxy: Proxy(), setWindowRect: true, strictFileInteractability: false, timeouts: {implicit: 0, pageLoad: 300000, script: 30000}, unhandledPromptBehavior: accept, userAgent: Mozilla/5.0 (Windows NT 10....}\nSession ID: 6456db0a-b351-4c87-88bb-d1fb98e1a269\r\n\tat java.base/jdk.internal.reflect.DirectConstructorHandleAccessor.newInstance(DirectConstructorHandleAccessor.java:62)\r\n\tat java.base/java.lang.reflect.Constructor.newInstanceWithCaller(Constructor.java:502)\r\n\tat java.base/java.lang.reflect.Constructor.newInstance(Constructor.java:486)\r\n\tat org.openqa.selenium.remote.ErrorCodec.decode(ErrorCodec.java:167)\r\n\tat org.openqa.selenium.remote.codec.w3c.W3CHttpResponseCodec.decode(W3CHttpResponseCodec.java:138)\r\n\tat org.openqa.selenium.remote.codec.w3c.W3CHttpResponseCodec.decode(W3CHttpResponseCodec.java:50)\r\n\tat org.openqa.selenium.remote.HttpCommandExecutor.execute(HttpCommandExecutor.java:215)\r\n\tat org.openqa.selenium.remote.service.DriverCommandExecutor.invokeExecute(DriverCommandExecutor.java:216)\r\n\tat org.openqa.selenium.remote.service.DriverCommandExecutor.execute(DriverCommandExecutor.java:174)\r\n\tat org.openqa.selenium.remote.RemoteWebDriver.execute(RemoteWebDriver.java:545)\r\n\tat org.openqa.selenium.remote.ElementLocation$ElementFinder$2.findElement(ElementLocation.java:165)\r\n\tat org.openqa.selenium.remote.ElementLocation.findElement(ElementLocation.java:59)\r\n\tat org.openqa.selenium.remote.RemoteWebDriver.findElement(RemoteWebDriver.java:368)\r\n\tat org.openqa.selenium.remote.RemoteWebDriver.findElement(RemoteWebDriver.java:362)\r\n\tat com.codeborne.selenide.impl.WebElementSelector.findElement(WebElementSelector.java:64)\r\n\tat com.codeborne.selenide.impl.WebElementSelector.findElement(WebElementSelector.java:39)\r\n\tat com.codeborne.selenide.impl.WebElementSelector.findElement(WebElementSelector.java:30)\r\n\tat com.codeborne.selenide.impl.ElementFinder.getWebElement(ElementFinder.java:106)\r\n\tat com.codeborne.selenide.commands.Type.clearField(Type.java:48)\r\n\tat com.codeborne.selenide.commands.Type.execute(Type.java:27)\r\n\tat com.codeborne.selenide.FluentCommand.execute(FluentCommand.java:27)\r\n\tat com.codeborne.selenide.FluentCommand.execute(FluentCommand.java:19)\r\n\tat com.codeborne.selenide.commands.Commands.execute(Commands.java:160)\r\n\tat com.codeborne.selenide.impl.SelenideElementProxy.dispatchAndRetry(SelenideElementProxy.java:131)\r\n\tat com.codeborne.selenide.impl.SelenideElementProxy.invoke(SelenideElementProxy.java:83)\r\n\t... 5 more\r\n"},"stage":"finished","description":"","steps":[],"attachments":[],"parameters":[],"start":1765576634728,"stop":1765576788989}